Started
[Tue Sep 14 12:18:23 EEST 2021] Starting branch indexing...
[8mha:////4PX1vfwXOe1jyd9BJYQKSxHxcVYNLBCU61r5YYzhbiooAAAAhB+LCAAAAAAAAP9b85aBtbiIwSa/KF0vKzUvOzOvODlTryCnNB3I0kvPLMkoTYpPKkrMS86IL84vLUpO1XPPLPEoTXLOzyvOz0n1yy9JZYAARiYGRi8GzpLM3NTiksTcgooiBqmM0pTi/Dy9ZIhiPayaGCoKgHT145krlQC82YQzjgAAAA==[0mConnecting to https://api.github.com using YevhenVieskov/****** (GitHub Key)
Examining [8mha:////4MolMwSHMEHvGGiiOCciSDbYu0Xr7+e/uzNBBLETOOy6AAAAqh+LCAAAAAAAAP9b85aBtbiIQSajNKU4P08vOT+vOD8nVc+jsiC1KCczL9svvyTVzHb1RttJBUeZGJg8GdhyUvPSSzJ8GJhLi3JKGIR8shLLEvVzEvPS9YNLijLz0q0rihik0IxzhtAgwxgggJGJgaGiAMgQL2HQyigpKSi20tdPzyzJKE0C6srVj0wty0jNC8tMLc7OL9PPzCtJLcrNzEsFAK2jm+ivAAAA[0mYevhenVieskov/intermine

  Checking branches...

  Getting remote branches...

    Checking branch [8mha:////4EeBP10eTU3MPWSEOVP2Q5vrxnqnWTdTMlX7d96aLNR0AAAAsR+LCAAAAAAAAP9djLENwjAQRY9EMAAlYoa4QKIApaIBKaJBQqIM5GSbOGfLvlhhDdaAhiEYhx0ISsdr/mv+e35gHDzMVVsFS9nFUrAGs+3NoTea6r1lXOaPV3537wSSHUwMkmRVQNp6wzAtrmUshSlJigN7TXLdeZj95TbD/mIwMEoAOtdLyrBQzC6shJCaVXvuX404YVRIR42htlFoYvSNJhTsEUWF8QsT8ECvuAAAAA==[0mdev

  Getting remote pull requests...
      ‘Jenkinsfile’ not found
    Does not meet criteria

    Checking branch [8mha:////4GgljHY0CrGjG/1Z2ToSB5JwH9QYM8vsOsVZ3O0DelujAAAAtB+LCAAAAAAAAP9djL0NwjAQRo+gMAAlYoZYiJ8ClIoGpIgGCYkywMk2cc6WfYnCGqwBDUMwDjsQlI7XfK/53vMDcfAwVtUlWErOloI1mGxuDr3RVOws4yJ9vNK7e0cQbWFgkCSrDPqVNwzD7JrXuTA5SbFnr0muGg+jv9y6218MOnoRQONaiRnmitmFpRBSs6pO7asUR6wV0kFjKGwtNDH6UhMK9ohilkyTyRcXQCaTugAAAA==[0m4.3.1
      ‘Jenkinsfile’ not found
    Does not meet criteria

    Checking branch [8mha:////4AcypfvrF4XTVPJxO+xQppvgN72lYdedn4YFEZ4XzJzpAAAAtB+LCAAAAAAAAP9djDEKwkAQRcdIPICleIYsCFooqWwUokUEwTLqsLtmM7vsTkK8htfQxkN4HO9gxM7X/Nf893hDHDyMVX0OlpKTpWANJqurQ280lVvLOEvvz/TmXhFEaxgYJMkqg37tDcMwuxRNIUxBUuzYa5KL1sPoL7f87TcGP3oRQOs6iRmmitmFuRBSs6qP3asSB2wU0l5jKG0jNDH6ShMK9ogin+Sb7AMvvuq2ugAAAA==[0mR2RML
      ‘Jenkinsfile’ not found
    Does not meet criteria

    Checking branch [8mha:////4D7QfvC9bGQWZWmuhb0ST5R56bJ0KnlT2L0J1wmWW9RkAAAAtB+LCAAAAAAAAP9djDEKwjAUhp8VxdlRvILNJqJ0clEoLoLgGPWRxKYvIXkt9RpeQxcP4XG8g5Vufsv/Lf/3/MAgBpjq6hIdpWdH0VlMNzePwRoqdo5xnj1e2d2/E0i2MLRIinUO/SpYhnF+lbUUVpISew6G1KoJMPnLrbv9xaCjlwA0vpURw0Iz+7gUQhnW1al9leKItUY6GIyFq4UhxlAaQsEBUSg981Jh/AIQtsPZvQAAAA==[0mgh-pages
      ‘Jenkinsfile’ not found
    Does not meet criteria

    Checking branch [8mha:////4IA6p7LL2hm+JadWpu4Ed+F0pKMrLqXVYJTT0usS/3vXAAAAsh+LCAAAAAAAAP9djLENwjAQRY8gMgAlYoZclwJERQNSRIOERGngFJs4Z8u+RGEN1oCGIRiHHQhKx2/+f8V/zw9MYoC5bi7RcXZ2HJ2lbHPzFKzhaueE8tXjtbr7dwLJFlJLXIouYNwEKzAtrqpVaBWXuJdguFx2AWZ/uvXQPxkMGSUAne9HKpBrER8XiKUR3Zz6V41HajXxwVCsXIuGhUJtmFACEdYq9vwFM2TOg7sAAAA=[0mmaster
      ‘Jenkinsfile’ found
    Met criteria
Scheduled build for branch: master

  5 branches were processed

  Checking pull-requests...

  0 pull requests were processed

Finished examining YevhenVieskov/intermine

[Tue Sep 14 12:18:27 EEST 2021] Finished branch indexing. Indexing took 4 sec
Finished: SUCCESS
